# JRE version: Java(TM) SE Runtime Environment (17.0.10+11) (build 17.0.10+11-LTS-240)
# Java VM: Java HotSpot(TM) 64-Bit Server VM (17.0.10+11-LTS-240, mixed mode, sharing, tiered, compressed oops, compressed class ptrs, g1 gc, windows-amd64)
GC Precious Log:
 CPUs: 12 total, 12 available
 Memory: 32448M
 Large Page Support: Disabled
 NUMA Support: Disabled
 Compressed Oops: Enabled (32-bit)
 Heap Region Size: 1M
 Heap Min Capacity: 256M
 Heap Initial Capacity: 256M
 Heap Max Capacity: 512M
 Pre-touch: Disabled
 Parallel Workers: 10
 Concurrent Workers: 3
 Concurrent Refinement Workers: 10
 Periodic GC: Disabled
Heap:
 garbage-first heap   total 262144K, used 169125K [0x00000000e0000000, 0x0000000100000000)
  region size 1024K, 115 young (117760K), 16 survivors (16384K)
 Metaspace       used 58415K, committed 59072K, reserved 393216K
  class space    used 7999K, committed 8320K, reserved 327680K
GC Heap History (20 events):
Event: 2.646 GC heap before
{Heap before GC invocations=3 (full 0):
 garbage-first heap   total 262144K, used 24601K [0x00000000e0000000, 0x0000000100000000)
  region size 1024K, 14 young (14336K), 12 survivors (12288K)
 Metaspace       used 21190K, committed 21504K, reserved 393216K
  class space    used 3137K, committed 3328K, reserved 327680K
}
Event: 2.650 GC heap after
{Heap after GC invocations=4 (full 0):
 garbage-first heap   total 262144K, used 24831K [0x00000000e0000000, 0x0000000100000000)
  region size 1024K, 2 young (2048K), 2 survivors (2048K)
 Metaspace       used 21190K, committed 21504K, reserved 393216K
  class space    used 3137K, committed 3328K, reserved 327680K
}
Event: 3.863 GC heap before
{Heap before GC invocations=5 (full 0):
 garbage-first heap   total 262144K, used 146687K [0x00000000e0000000, 0x0000000100000000)
  region size 1024K, 118 young (120832K), 2 survivors (2048K)
 Metaspace       used 35572K, committed 35968K, reserved 393216K
  class space    used 4955K, committed 5120K, reserved 327680K
}
Event: 3.867 GC heap after
{Heap after GC invocations=6 (full 0):
 garbage-first heap   total 262144K, used 33211K [0x00000000e0000000, 0x0000000100000000)
  region size 1024K, 10 young (10240K), 10 survivors (10240K)
 Metaspace       used 35572K, committed 35968K, reserved 393216K
  class space    used 4955K, committed 5120K, reserved 327680K
}
Event: 5.243 GC heap before
{Heap before GC invocations=7 (full 0):
 garbage-first heap   total 262144K, used 180667K [0x00000000e0000000, 0x0000000100000000)
  region size 1024K, 153 young (156672K), 10 survivors (10240K)
 Metaspace       used 48566K, committed 49088K, reserved 393216K
  class space    used 6968K, committed 7232K, reserved 327680K
}
Event: 5.250 GC heap after
{Heap after GC invocations=8 (full 0):
 garbage-first heap   total 262144K, used 40537K [0x00000000e0000000, 0x0000000100000000)
  region size 1024K, 17 young (17408K), 17 survivors (17408K)
 Metaspace       used 48566K, committed 49088K, reserved 393216K
  class space    used 6968K, committed 7232K, reserved 327680K
}
Event: 5.251 GC heap before
{Heap before GC invocations=8 (full 0):
 garbage-first heap   total 262144K, used 41561K [0x00000000e0000000, 0x0000000100000000)
  region size 1024K, 18 young (18432K), 17 survivors (17408K)
 Metaspace       used 48569K, committed 49088K, reserved 393216K
  class space    used 6968K, committed 7232K, reserved 327680K
}
Event: 5.258 GC heap after
{Heap after GC invocations=9 (full 0):
 garbage-first heap   total 262144K, used 41835K [0x00000000e0000000, 0x0000000100000000)
  region size 1024K, 2 young (2048K), 2 survivors (2048K)
 Metaspace       used 48569K, committed 49088K, reserved 393216K
  class space    used 6968K, committed 7232K, reserved 327680K
}
Event: 6.776 GC heap before
{Heap before GC invocations=9 (full 0):
 garbage-first heap   total 262144K, used 196459K [0x00000000e0000000, 0x0000000100000000)
  region size 1024K, 153 young (156672K), 2 survivors (2048K)
 Metaspace       used 53277K, committed 53824K, reserved 393216K
  class space    used 7473K, committed 7744K, reserved 327680K
}
Event: 6.782 GC heap after
{Heap after GC invocations=10 (full 0):
 garbage-first heap   total 262144K, used 52808K [0x00000000e0000000, 0x0000000100000000)
  region size 1024K, 13 young (13312K), 13 survivors (13312K)
 Metaspace       used 53277K, committed 53824K, reserved 393216K
  class space    used 7473K, committed 7744K, reserved 327680K
}
Event: 380.615 GC heap before
{Heap before GC invocations=10 (full 0):
 garbage-first heap   total 262144K, used 195144K [0x00000000e0000000, 0x0000000100000000)
  region size 1024K, 153 young (156672K), 13 survivors (13312K)
 Metaspace       used 56705K, committed 57344K, reserved 393216K
  class space    used 7943K, committed 8256K, reserved 327680K
}
Event: 380.622 GC heap after
{Heap after GC invocations=11 (full 0):
 garbage-first heap   total 262144K, used 57193K [0x00000000e0000000, 0x0000000100000000)
  region size 1024K, 9 young (9216K), 9 survivors (9216K)
 Metaspace       used 56705K, committed 57344K, reserved 393216K
  class space    used 7943K, committed 8256K, reserved 327680K
}
Event: 394.515 GC heap before
{Heap before GC invocations=11 (full 0):
 garbage-first heap   total 262144K, used 201577K [0x00000000e0000000, 0x0000000100000000)
  region size 1024K, 151 young (154624K), 9 survivors (9216K)
 Metaspace       used 57553K, committed 58240K, reserved 393216K
  class space    used 7981K, committed 8320K, reserved 327680K
}
Event: 394.518 GC heap after
{Heap after GC invocations=12 (full 0):
 garbage-first heap   total 262144K, used 56405K [0x00000000e0000000, 0x0000000100000000)
  region size 1024K, 8 young (8192K), 8 survivors (8192K)
 Metaspace       used 57553K, committed 58240K, reserved 393216K
  class space    used 7981K, committed 8320K, reserved 327680K
}
Event: 417.929 GC heap before
{Heap before GC invocations=12 (full 0):
 garbage-first heap   total 262144K, used 203861K [0x00000000e0000000, 0x0000000100000000)
  region size 1024K, 153 young (156672K), 8 survivors (8192K)
 Metaspace       used 57976K, committed 58688K, reserved 393216K
  class space    used 7985K, committed 8320K, reserved 327680K
}
Event: 417.932 GC heap after
{Heap after GC invocations=13 (full 0):
 garbage-first heap   total 262144K, used 54279K [0x00000000e0000000, 0x0000000100000000)
  region size 1024K, 6 young (6144K), 6 survivors (6144K)
 Metaspace       used 57976K, committed 58688K, reserved 393216K
  class space    used 7985K, committed 8320K, reserved 327680K
}
Event: 418.579 GC heap before
{Heap before GC invocations=13 (full 0):
 garbage-first heap   total 262144K, used 203783K [0x00000000e0000000, 0x0000000100000000)
  region size 1024K, 153 young (156672K), 6 survivors (6144K)
 Metaspace       used 58138K, committed 58816K, reserved 393216K
  class space    used 7988K, committed 8320K, reserved 327680K
}
Event: 418.584 GC heap after
{Heap after GC invocations=14 (full 0):
 garbage-first heap   total 262144K, used 61899K [0x00000000e0000000, 0x0000000100000000)
  region size 1024K, 13 young (13312K), 13 survivors (13312K)
 Metaspace       used 58138K, committed 58816K, reserved 393216K
  class space    used 7988K, committed 8320K, reserved 327680K
}
Event: 463.943 GC heap before
{Heap before GC invocations=14 (full 0):
 garbage-first heap   total 262144K, used 205259K [0x00000000e0000000, 0x0000000100000000)
  region size 1024K, 153 young (156672K), 13 survivors (13312K)
 Metaspace       used 58270K, committed 58944K, reserved 393216K
  class space    used 7989K, committed 8320K, reserved 327680K
}
Event: 463.950 GC heap after
{Heap after GC invocations=15 (full 0):
 garbage-first heap   total 262144K, used 68773K [0x00000000e0000000, 0x0000000100000000)
  region size 1024K, 16 young (16384K), 16 survivors (16384K)
 Metaspace       used 58270K, committed 58944K, reserved 393216K
  class space    used 7989K, committed 8320K, reserved 327680K
}

